SpeechBrain system description
==============================
Python version:
3.9.5 (default, Jun  4 2021, 12:28:51) 
[GCC 7.5.0]
==============================
Installed Python packages:
absl-py @ file:///opt/conda/conda-bld/absl-py_1639803114343/work
aiohttp @ file:///tmp/build/80754af9/aiohttp_1637856904808/work
aiosignal @ file:///tmp/build/80754af9/aiosignal_1637843061372/work
ale-py==0.7.4
appdirs==1.4.4
argcomplete==2.0.0
argon2-cffi==21.3.0
argon2-cffi-bindings==21.2.0
astor==0.8.1
asttokens==2.0.8
astunparse==1.6.3
async-timeout @ file:///tmp/build/80754af9/async-timeout_1637851218186/work
attrs @ file:///opt/conda/conda-bld/attrs_1642510447205/work
audioread==3.0.0
backcall==0.2.0
beautifulsoup4==4.11.1
black==19.10b0
bleach==5.0.1
blinker==1.4
Bottleneck @ file:///tmp/build/80754af9/bottleneck_1607575130224/work
brotlipy==0.7.0
bz2file==0.98
cachetools==5.0.0
certifi==2021.10.8
cffi @ file:///opt/conda/conda-bld/cffi_1642701102775/work
cfgv==3.3.1
charset-normalizer @ file:///tmp/build/80754af9/charset-normalizer_1630003229654/work
chex==0.1.0
ci-sdr==0.0.2
click==8.0.4
cloudpickle==2.0.0
conda==4.11.0
conda-package-handling @ file:///tmp/build/80754af9/conda-package-handling_1618262147379/work
ConfigArgParse==1.5.3
cryptography @ file:///tmp/build/80754af9/cryptography_1633520369886/work
ctc-segmentation==1.7.4
cycler @ file:///tmp/build/80754af9/cycler_1637851556182/work
Cython==0.29.33
debugpy==1.6.3
decorator==5.1.1
defusedxml==0.7.1
dill==0.3.6
Distance==0.1.3
distlib==0.3.4
dm-tree==0.1.6
docopt==0.6.2
dopamine-rl==3.2.1
einops==0.6.0
entrypoints==0.3
espnet==0.10.6
espnet-model-zoo==0.1.7
espnet-tts-frontend==0.0.3
executing==1.0.0
fastjsonschema==2.16.1
filelock==3.6.0
flake8==3.7.9
Flask==2.0.3
flatbuffers @ file:///home/ktietz/cip/python-flatbuffers_1634039120618/work
flax==0.4.0
fonttools==4.29.1
frozenlist @ file:///tmp/build/80754af9/frozenlist_1637767113340/work
future==0.18.2
g2p-en==2.1.0
gast==0.5.3
gdown==4.4.0
gevent==21.12.0
gin-config==0.5.0
google-api-core==2.5.0
google-api-python-client==2.37.0
google-auth==2.6.0
google-auth-httplib2==0.1.0
google-auth-oauthlib==0.4.6
google-pasta @ file:///Users/ktietz/demo/mc3/conda-bld/google-pasta_1630577991354/work
googleapis-common-protos==1.54.0
greenlet==1.1.2
grpcio==1.32.0
gunicorn==20.1.0
gym==0.21.0
h5py==3.6.0
hdf5storage==0.1.18
httplib2==0.20.4
huggingface-hub==0.9.1
humanfriendly==10.0
HyperPyYAML==1.0.0
identify==2.5.5
idna @ file:///tmp/build/80754af9/idna_1637925883363/work
importlib-metadata==4.11.1
importlib-resources==5.4.0
inflect @ file:///tmp/build/80754af9/inflect_1614797294586/work
ipykernel==6.15.3
ipython==8.5.0
ipython-genutils==0.2.0
ipywidgets==8.0.2
itsdangerous==2.0.1
jaconv==0.3.3
jamo==0.4.1
jax==0.3.0
jaxlib==0.3.0
jedi==0.18.1
Jinja2==3.0.3
joblib==1.1.0
jsonpatch==1.32
jsonpointer==2.3
jsonschema==4.16.0
jupyter==1.0.0
jupyter-console==6.4.4
jupyter-core==4.11.1
jupyter_client==7.3.5
jupyterlab-pygments==0.2.2
jupyterlab-widgets==3.0.3
kaldiio==2.17.2
keras==2.8.0
Keras-Preprocessing @ file:///tmp/build/80754af9/keras-preprocessing_1612283640596/work
kfac==0.2.0
kiwisolver @ file:///opt/conda/conda-bld/kiwisolver_1638569886207/work
libclang==13.0.0
librosa==0.9.2
llvmlite==0.39.1
lxml==4.9.1
Markdown==3.3.6
MarkupSafe==2.0.1
mat73==0.59
matplotlib @ file:///tmp/build/80754af9/matplotlib-suite_1645455682260/work
matplotlib-inline==0.1.6
mccabe==0.6.1
mesh-tensorflow==0.1.19
mistune==2.0.4
mkl-fft==1.3.1
mkl-random @ file:///tmp/build/80754af9/mkl_random_1626186066731/work
mkl-service==2.4.0
more-itertools==8.14.0
mpmath==1.2.1
msgpack==1.0.3
multidict @ file:///opt/conda/conda-bld/multidict_1640703752579/work
multiprocess==0.70.14
munkres==1.1.4
nbclient==0.6.8
nbconvert==7.0.0
nbformat==5.5.0
nest-asyncio==1.5.5
networkx==3.0
nltk==3.8.1
nodeenv==1.7.0
notebook==6.4.12
numba==0.56.2
numexpr @ file:///tmp/build/80754af9/numexpr_1640689833592/work
numpy==1.19.5
oauth2client==4.1.3
oauthlib @ file:///opt/conda/conda-bld/oauthlib_1644332107998/work
olefile @ file:///Users/ktietz/demo/mc3/conda-bld/olefile_1629805411829/work
opencv-python==4.5.5.62
opt-einsum @ file:///tmp/build/80754af9/opt_einsum_1621500238896/work
optax==0.1.1
packaging @ file:///tmp/build/80754af9/packaging_1637314298585/work
pandas==1.4.1
pandocfilters==1.5.0
parallel-wavegan==0.5.4
parso==0.8.3
pathspec==0.10.1
pexpect==4.8.0
pickleshare==0.7.5
Pillow==9.0.1
pipreqs==0.4.11
platformdirs==2.5.1
pluggy==0.13.1
pooch==1.6.0
pre-commit==2.20.0
prometheus-client==0.14.1
promise==2.3
prompt-toolkit==3.0.31
protobuf==3.19.4
psutil==5.9.2
ptyprocess==0.7.0
pure-eval==0.2.2
py==1.11.0
pyasn1 @ file:///Users/ktietz/demo/mc3/conda-bld/pyasn1_1629708007385/work
pyasn1-modules==0.2.8
pycodestyle==2.5.0
pycosat==0.6.3
pycparser @ file:///tmp/build/80754af9/pycparser_1636541352034/work
pyflakes==2.1.1
pygame==2.1.2
Pygments==2.13.0
PyJWT @ file:///tmp/build/80754af9/pyjwt_1619682484438/work
pynndescent==0.5.8
pyopenjtalk==0.2.0
pyOpenSSL @ file:///tmp/build/80754af9/pyopenssl_1635333100036/work
pyparsing==3.0.7
pypinyin==0.44.0
pypng==0.0.21
pyrsistent==0.18.1
PySocks @ file:///tmp/build/80754af9/pysocks_1605305812635/work
pytest==5.4.1
python-dateutil @ file:///tmp/build/80754af9/python-dateutil_1626374649649/work
python-speech-features==0.6
pytorch-wpe==0.0.1
pytz==2021.3
pyworld==0.3.2
PyYAML==6.0
pyzmq==24.0.0
qtconsole==5.3.2
QtPy==2.2.0
regex==2022.9.13
requests @ file:///opt/conda/conda-bld/requests_1641824580448/work
requests-oauthlib==1.3.1
resampy==0.4.2
rsa==4.8
ruamel-yaml-conda @ file:///tmp/build/80754af9/ruamel_yaml_1616016711199/work
ruamel.yaml==0.17.21
ruamel.yaml.clib==0.2.6
scikit-learn==1.1.2
scipy==1.8.0
seaborn @ file:///tmp/build/80754af9/seaborn_1629307859561/work
Send2Trash==1.8.0
sentencepiece==0.1.96
sip==4.19.13
six==1.15.0
sklearn==0.0
soundfile==0.11.0
soupsieve==2.3.2.post1
-e git+https://github.com/speechbrain/speechbrain.git@055d465b2a2bb727c26b030b83a791f2a14d8dfc#egg=speechbrain
stack-data==0.5.0
sympy==1.9
tensor2tensor==1.15.7
tensorboard==2.8.0
tensorboard-data-server==0.6.1
tensorboard-plugin-wit==1.8.1
tensorboardX==2.5.1
tensorflow @ file:///home/builder/ktietz/aggregate/tensorflow_recipes/ci_cpu/tensorflow-base_1614360980945/work/tensorflow_pkg/tensorflow-2.4.1-cp39-cp39-linux_x86_64.whl
tensorflow-addons==0.16.1
tensorflow-datasets==4.5.2
tensorflow-estimator==2.4.0
tensorflow-gan==2.1.0
tensorflow-hub==0.12.0
tensorflow-io-gcs-filesystem==0.24.0
tensorflow-metadata==1.6.0
tensorflow-probability==0.7.0
termcolor==1.1.0
terminado==0.15.0
tf-estimator-nightly==2.8.0.dev2021122109
tf-slim==1.1.0
threadpoolctl==3.1.0
tinycss2==1.1.1
tokenizers==0.12.1
toml==0.10.2
toolz==0.11.2
torch==1.10.2
torch-complex==0.4.3
torchaudio==0.10.2
torchvision==0.2.1
tornado==6.2
tqdm @ file:///tmp/build/80754af9/tqdm_1635330843403/work
traitlets==5.4.0
transformers==4.22.1
typed-ast==1.5.4
typeguard==2.13.3
typing-extensions==3.7.4.3
umap-learn==0.5.3
Unidecode @ file:///tmp/build/80754af9/unidecode_1614712377438/work
uritemplate==4.1.1
urllib3 @ file:///opt/conda/conda-bld/urllib3_1643638302206/work
virtualenv==20.13.4
visdom==0.2.3
wcwidth==0.2.5
webencodings==0.5.1
webrtcvad==2.0.10
websocket-client==1.5.0
Werkzeug @ file:///opt/conda/conda-bld/werkzeug_1645628268370/work
widgetsnbextension==4.0.3
wrapt==1.12.1
xmltodict==0.13.0
yamllint==1.23.0
yarg==0.1.9
yarl @ file:///tmp/build/80754af9/yarl_1606939947528/work
yq==3.1.0
zipp @ file:///opt/conda/conda-bld/zipp_1641824620731/work
zope.event==4.5.0
zope.interface==5.4.0
==============================
Git revision:
48978d8
==============================
CUDA version:
10.2